# JRE version: OpenJDK Runtime Environment (17.0.11) (build 17.0.11+0--11852314)
# Java VM: OpenJDK 64-Bit Server VM (17.0.11+0--11852314, mixed mode, tiered, compressed oops, compressed class ptrs, g1 gc, windows-amd64)
GC Precious Log:
 CPUs: 8 total, 8 available
 Memory: 14284M
 Large Page Support: Disabled
 NUMA Support: Disabled
 Compressed Oops: Enabled (32-bit)
 Heap Region Size: 1M
 Heap Min Capacity: 8M
 Heap Initial Capacity: 224M
 Heap Max Capacity: 2G
 Pre-touch: Disabled
 Parallel Workers: 8
 Concurrent Workers: 2
 Concurrent Refinement Workers: 8
 Periodic GC: Disabled
Heap:
 garbage-first heap   total 209920K, used 165062K [0x0000000080000000, 0x0000000100000000)
  region size 1024K, 25 young (25600K), 4 survivors (4096K)
 Metaspace       used 104268K, committed 105152K, reserved 1179648K
  class space    used 14329K, committed 14784K, reserved 1048576K
GC Heap History (20 events):
Event: 14.858 GC heap before
{Heap before GC invocations=48 (full 0):
 garbage-first heap   total 209920K, used 167759K [0x0000000080000000, 0x0000000100000000)
  region size 1024K, 39 young (39936K), 4 survivors (4096K)
 Metaspace       used 94515K, committed 95360K, reserved 1179648K
  class space    used 13061K, committed 13440K, reserved 1048576K
}
Event: 14.861 GC heap after
{Heap after GC invocations=49 (full 0):
 garbage-first heap   total 209920K, used 132974K [0x0000000080000000, 0x0000000100000000)
  region size 1024K, 4 young (4096K), 4 survivors (4096K)
 Metaspace       used 94515K, committed 95360K, reserved 1179648K
  class space    used 13061K, committed 13440K, reserved 1048576K
}
Event: 15.332 GC heap before
{Heap before GC invocations=49 (full 0):
 garbage-first heap   total 209920K, used 169838K [0x0000000080000000, 0x0000000100000000)
  region size 1024K, 40 young (40960K), 4 survivors (4096K)
 Metaspace       used 94517K, committed 95360K, reserved 1179648K
  class space    used 13061K, committed 13440K, reserved 1048576K
}
Event: 15.338 GC heap after
{Heap after GC invocations=50 (full 0):
 garbage-first heap   total 209920K, used 134159K [0x0000000080000000, 0x0000000100000000)
  region size 1024K, 4 young (4096K), 4 survivors (4096K)
 Metaspace       used 94517K, committed 95360K, reserved 1179648K
  class space    used 13061K, committed 13440K, reserved 1048576K
}
Event: 15.726 GC heap before
{Heap before GC invocations=50 (full 0):
 garbage-first heap   total 209920K, used 171023K [0x0000000080000000, 0x0000000100000000)
  region size 1024K, 40 young (40960K), 4 survivors (4096K)
 Metaspace       used 94518K, committed 95360K, reserved 1179648K
  class space    used 13061K, committed 13440K, reserved 1048576K
}
Event: 15.729 GC heap after
{Heap after GC invocations=51 (full 0):
 garbage-first heap   total 209920K, used 135242K [0x0000000080000000, 0x0000000100000000)
  region size 1024K, 4 young (4096K), 4 survivors (4096K)
 Metaspace       used 94518K, committed 95360K, reserved 1179648K
  class space    used 13061K, committed 13440K, reserved 1048576K
}
Event: 16.074 GC heap before
{Heap before GC invocations=51 (full 0):
 garbage-first heap   total 209920K, used 173130K [0x0000000080000000, 0x0000000100000000)
  region size 1024K, 41 young (41984K), 4 survivors (4096K)
 Metaspace       used 94518K, committed 95360K, reserved 1179648K
  class space    used 13061K, committed 13440K, reserved 1048576K
}
Event: 16.078 GC heap after
{Heap after GC invocations=52 (full 0):
 garbage-first heap   total 209920K, used 136259K [0x0000000080000000, 0x0000000100000000)
  region size 1024K, 5 young (5120K), 5 survivors (5120K)
 Metaspace       used 94518K, committed 95360K, reserved 1179648K
  class space    used 13061K, committed 13440K, reserved 1048576K
}
Event: 16.241 GC heap before
{Heap before GC invocations=52 (full 0):
 garbage-first heap   total 209920K, used 174147K [0x0000000080000000, 0x0000000100000000)
  region size 1024K, 42 young (43008K), 5 survivors (5120K)
 Metaspace       used 94518K, committed 95360K, reserved 1179648K
  class space    used 13061K, committed 13440K, reserved 1048576K
}
Event: 16.244 GC heap after
{Heap after GC invocations=53 (full 0):
 garbage-first heap   total 209920K, used 137354K [0x0000000080000000, 0x0000000100000000)
  region size 1024K, 5 young (5120K), 5 survivors (5120K)
 Metaspace       used 94518K, committed 95360K, reserved 1179648K
  class space    used 13061K, committed 13440K, reserved 1048576K
}
Event: 16.488 GC heap before
{Heap before GC invocations=53 (full 0):
 garbage-first heap   total 209920K, used 175242K [0x0000000080000000, 0x0000000100000000)
  region size 1024K, 42 young (43008K), 5 survivors (5120K)
 Metaspace       used 94519K, committed 95360K, reserved 1179648K
  class space    used 13061K, committed 13440K, reserved 1048576K
}
Event: 16.492 GC heap after
{Heap after GC invocations=54 (full 0):
 garbage-first heap   total 209920K, used 138451K [0x0000000080000000, 0x0000000100000000)
  region size 1024K, 5 young (5120K), 5 survivors (5120K)
 Metaspace       used 94519K, committed 95360K, reserved 1179648K
  class space    used 13061K, committed 13440K, reserved 1048576K
}
Event: 16.782 GC heap before
{Heap before GC invocations=54 (full 0):
 garbage-first heap   total 209920K, used 175315K [0x0000000080000000, 0x0000000100000000)
  region size 1024K, 41 young (41984K), 5 survivors (5120K)
 Metaspace       used 94519K, committed 95360K, reserved 1179648K
  class space    used 13061K, committed 13440K, reserved 1048576K
}
Event: 16.785 GC heap after
{Heap after GC invocations=55 (full 0):
 garbage-first heap   total 209920K, used 139851K [0x0000000080000000, 0x0000000100000000)
  region size 1024K, 4 young (4096K), 4 survivors (4096K)
 Metaspace       used 94519K, committed 95360K, reserved 1179648K
  class space    used 13061K, committed 13440K, reserved 1048576K
}
Event: 18.224 GC heap before
{Heap before GC invocations=55 (full 0):
 garbage-first heap   total 209920K, used 175691K [0x0000000080000000, 0x0000000100000000)
  region size 1024K, 40 young (40960K), 4 survivors (4096K)
 Metaspace       used 95205K, committed 96064K, reserved 1179648K
  class space    used 13140K, committed 13504K, reserved 1048576K
}
Event: 18.229 GC heap after
{Heap after GC invocations=56 (full 0):
 garbage-first heap   total 209920K, used 141572K [0x0000000080000000, 0x0000000100000000)
  region size 1024K, 4 young (4096K), 4 survivors (4096K)
 Metaspace       used 95205K, committed 96064K, reserved 1179648K
  class space    used 13140K, committed 13504K, reserved 1048576K
}
Event: 19.255 GC heap before
{Heap before GC invocations=56 (full 0):
 garbage-first heap   total 209920K, used 177412K [0x0000000080000000, 0x0000000100000000)
  region size 1024K, 38 young (38912K), 4 survivors (4096K)
 Metaspace       used 99336K, committed 100160K, reserved 1179648K
  class space    used 13622K, committed 14016K, reserved 1048576K
}
Event: 19.259 GC heap after
{Heap after GC invocations=57 (full 0):
 garbage-first heap   total 209920K, used 143594K [0x0000000080000000, 0x0000000100000000)
  region size 1024K, 3 young (3072K), 3 survivors (3072K)
 Metaspace       used 99336K, committed 100160K, reserved 1179648K
  class space    used 13622K, committed 14016K, reserved 1048576K
}
Event: 20.302 GC heap before
{Heap before GC invocations=57 (full 0):
 garbage-first heap   total 209920K, used 176362K [0x0000000080000000, 0x0000000100000000)
  region size 1024K, 35 young (35840K), 3 survivors (3072K)
 Metaspace       used 102427K, committed 103296K, reserved 1179648K
  class space    used 14075K, committed 14464K, reserved 1048576K
}
Event: 20.305 GC heap after
{Heap after GC invocations=58 (full 0):
 garbage-first heap   total 209920K, used 144582K [0x0000000080000000, 0x0000000100000000)
  region size 1024K, 4 young (4096K), 4 survivors (4096K)
 Metaspace       used 102427K, committed 103296K, reserved 1179648K
  class space    used 14075K, committed 14464K, reserved 1048576K
}

